<?xml version="1.0" encoding="UTF-8"?>
<!-- Generated by org.testng.reporters.JUnitReportReporter -->
<testsuite skipped="0" hostname="LAPTOP-L4O1C8HM" name="test.TestNGBlazeDemo" tests="4" failures="0" timestamp="02 Jun 2021 18:36:14 GMT" time="26.594" errors="0">
  <testcase name="successfulFlightBooking" time="8.828" classname="test.TestNGBlazeDemo"/>
  <testcase name="validateFlightCities" time="5.355" classname="test.TestNGBlazeDemo"/>
  <testcase name="validateCheapFlightName" time="5.314" classname="test.TestNGBlazeDemo"/>
  <testcase name="validateExpensiveFlightName" time="7.097" classname="test.TestNGBlazeDemo"/>
</testsuite> <!-- test.TestNGBlazeDemo -->
