<?xml version="1.0" encoding="UTF-8"?>
<!-- Generated by org.testng.reporters.JUnitReportReporter -->
<testsuite skipped="0" hostname="LAPTOP-L4O1C8HM" name="test.TestNGBlazeDemo" tests="2" failures="0" timestamp="22 May 2021 18:34:49 GMT" time="16.590" errors="0">
  <testcase name="successfulFlightBooking" time="10.580" classname="test.TestNGBlazeDemo"/>
  <testcase name="validateFlightCities" time="6.010" classname="test.TestNGBlazeDemo"/>
</testsuite> <!-- test.TestNGBlazeDemo -->
